<?xml version="1.0" encoding="UTF-8"?>
<testsuite xmlns:xsi="http://www.w3.org/2001/XMLSchema-instance" xsi:noNamespaceSchemaLocation="https://maven.apache.org/surefire/maven-surefire-plugin/xsd/surefire-test-report.xsd" name="ink.mastermind.AllINOne.AppTest" time="0.004" tests="1" errors="0" skipped="0" failures="0">
  <properties>
    <property name="sun.desktop" value="windows"/>
    <property name="awt.toolkit" value="sun.awt.windows.WToolkit"/>
    <property name="file.encoding.pkg" value="sun.io"/>
    <property name="java.specification.version" value="1.8"/>
    <property name="sun.cpu.isalist" value="amd64"/>
    <property name="sun.jnu.encoding" value="GBK"/>
    <property name="java.class.path" value="C:\Users\99450\iCloudDrive\Documents\eclipse\AllINOne\target\test-classes;C:\Users\99450\iCloudDrive\Documents\eclipse\AllINOne\target\classes;D:\study\apache-maven-3.5.0\repository\junit\junit\3.8.1\junit-3.8.1.jar;D:\study\apache-maven-3.5.0\repository\org\springframework\boot\spring-boot-starter-web\2.0.0.RELEASE\spring-boot-starter-web-2.0.0.RELEASE.jar;D:\study\apache-maven-3.5.0\repository\org\springframework\boot\spring-boot-starter\2.0.0.RELEASE\spring-boot-starter-2.0.0.RELEASE.jar;D:\study\apache-maven-3.5.0\repository\org\springframework\boot\spring-boot-starter-logging\2.0.0.RELEASE\spring-boot-starter-logging-2.0.0.RELEASE.jar;D:\study\apache-maven-3.5.0\repository\ch\qos\logback\logback-classic\1.2.3\logback-classic-1.2.3.jar;D:\study\apache-maven-3.5.0\repository\ch\qos\logback\logback-core\1.2.3\logback-core-1.2.3.jar;D:\study\apache-maven-3.5.0\repository\org\apache\logging\log4j\log4j-to-slf4j\2.10.0\log4j-to-slf4j-2.10.0.jar;D:\study\apache-maven-3.5.0\repository\org\apache\logging\log4j\log4j-api\2.10.0\log4j-api-2.10.0.jar;D:\study\apache-maven-3.5.0\repository\org\slf4j\jul-to-slf4j\1.7.25\jul-to-slf4j-1.7.25.jar;D:\study\apache-maven-3.5.0\repository\javax\annotation\javax.annotation-api\1.3.2\javax.annotation-api-1.3.2.jar;D:\study\apache-maven-3.5.0\repository\org\springframework\spring-core\5.0.4.RELEASE\spring-core-5.0.4.RELEASE.jar;D:\study\apache-maven-3.5.0\repository\org\springframework\spring-jcl\5.0.4.RELEASE\spring-jcl-5.0.4.RELEASE.jar;D:\study\apache-maven-3.5.0\repository\org\yaml\snakeyaml\1.19\snakeyaml-1.19.jar;D:\study\apache-maven-3.5.0\repository\org\springframework\boot\spring-boot-starter-json\2.0.0.RELEASE\spring-boot-starter-json-2.0.0.RELEASE.jar;D:\study\apache-maven-3.5.0\repository\com\fasterxml\jackson\datatype\jackson-datatype-jdk8\2.9.4\jackson-datatype-jdk8-2.9.4.jar;D:\study\apache-maven-3.5.0\repository\com\fasterxml\jackson\datatype\jackson-datatype-jsr310\2.9.4\jackson-datatype-jsr310-2.9.4.jar;D:\study\apache-maven-3.5.0\repository\com\fasterxml\jackson\module\jackson-module-parameter-names\2.9.4\jackson-module-parameter-names-2.9.4.jar;D:\study\apache-maven-3.5.0\repository\org\springframework\boot\spring-boot-starter-tomcat\2.0.0.RELEASE\spring-boot-starter-tomcat-2.0.0.RELEASE.jar;D:\study\apache-maven-3.5.0\repository\org\apache\tomcat\embed\tomcat-embed-core\8.5.28\tomcat-embed-core-8.5.28.jar;D:\study\apache-maven-3.5.0\repository\org\apache\tomcat\embed\tomcat-embed-el\8.5.28\tomcat-embed-el-8.5.28.jar;D:\study\apache-maven-3.5.0\repository\org\apache\tomcat\embed\tomcat-embed-websocket\8.5.28\tomcat-embed-websocket-8.5.28.jar;D:\study\apache-maven-3.5.0\repository\org\hibernate\validator\hibernate-validator\6.0.7.Final\hibernate-validator-6.0.7.Final.jar;D:\study\apache-maven-3.5.0\repository\javax\validation\validation-api\2.0.1.Final\validation-api-2.0.1.Final.jar;D:\study\apache-maven-3.5.0\repository\org\jboss\logging\jboss-logging\3.3.2.Final\jboss-logging-3.3.2.Final.jar;D:\study\apache-maven-3.5.0\repository\com\fasterxml\classmate\1.3.4\classmate-1.3.4.jar;D:\study\apache-maven-3.5.0\repository\org\springframework\spring-web\5.0.4.RELEASE\spring-web-5.0.4.RELEASE.jar;D:\study\apache-maven-3.5.0\repository\org\springframework\spring-beans\5.0.4.RELEASE\spring-beans-5.0.4.RELEASE.jar;D:\study\apache-maven-3.5.0\repository\org\springframework\spring-webmvc\5.0.4.RELEASE\spring-webmvc-5.0.4.RELEASE.jar;D:\study\apache-maven-3.5.0\repository\org\springframework\spring-context\5.0.4.RELEASE\spring-context-5.0.4.RELEASE.jar;D:\study\apache-maven-3.5.0\repository\org\springframework\spring-expression\5.0.4.RELEASE\spring-expression-5.0.4.RELEASE.jar;D:\study\apache-maven-3.5.0\repository\org\springframework\boot\spring-boot-devtools\2.0.0.RELEASE\spring-boot-devtools-2.0.0.RELEASE.jar;D:\study\apache-maven-3.5.0\repository\org\springframework\boot\spring-boot\2.0.0.RELEASE\spring-boot-2.0.0.RELEASE.jar;D:\study\apache-maven-3.5.0\repository\org\springframework\boot\spring-boot-autoconfigure\2.0.0.RELEASE\spring-boot-autoconfigure-2.0.0.RELEASE.jar;D:\study\apache-maven-3.5.0\repository\org\mongodb\mongo-java-driver\3.6.3\mongo-java-driver-3.6.3.jar;D:\study\apache-maven-3.5.0\repository\commons-fileupload\commons-fileupload\1.4\commons-fileupload-1.4.jar;D:\study\apache-maven-3.5.0\repository\commons-io\commons-io\2.2\commons-io-2.2.jar;D:\study\apache-maven-3.5.0\repository\org\springframework\boot\spring-boot-starter-data-mongodb\2.0.0.RELEASE\spring-boot-starter-data-mongodb-2.0.0.RELEASE.jar;D:\study\apache-maven-3.5.0\repository\org\mongodb\mongodb-driver\3.6.3\mongodb-driver-3.6.3.jar;D:\study\apache-maven-3.5.0\repository\org\mongodb\bson\3.6.3\bson-3.6.3.jar;D:\study\apache-maven-3.5.0\repository\org\mongodb\mongodb-driver-core\3.6.3\mongodb-driver-core-3.6.3.jar;D:\study\apache-maven-3.5.0\repository\org\springframework\data\spring-data-mongodb\2.0.5.RELEASE\spring-data-mongodb-2.0.5.RELEASE.jar;D:\study\apache-maven-3.5.0\repository\org\springframework\spring-tx\5.0.4.RELEASE\spring-tx-5.0.4.RELEASE.jar;D:\study\apache-maven-3.5.0\repository\org\springframework\data\spring-data-commons\2.0.5.RELEASE\spring-data-commons-2.0.5.RELEASE.jar;D:\study\apache-maven-3.5.0\repository\org\slf4j\slf4j-api\1.7.25\slf4j-api-1.7.25.jar;D:\study\apache-maven-3.5.0\repository\org\springframework\boot\spring-boot-starter-aop\2.0.0.RELEASE\spring-boot-starter-aop-2.0.0.RELEASE.jar;D:\study\apache-maven-3.5.0\repository\org\springframework\spring-aop\5.0.4.RELEASE\spring-aop-5.0.4.RELEASE.jar;D:\study\apache-maven-3.5.0\repository\org\aspectj\aspectjweaver\1.8.13\aspectjweaver-1.8.13.jar;D:\study\apache-maven-3.5.0\repository\org\springframework\boot\spring-boot-starter-security\2.0.0.RELEASE\spring-boot-starter-security-2.0.0.RELEASE.jar;D:\study\apache-maven-3.5.0\repository\org\springframework\security\spring-security-config\5.0.3.RELEASE\spring-security-config-5.0.3.RELEASE.jar;D:\study\apache-maven-3.5.0\repository\org\springframework\security\spring-security-core\5.0.3.RELEASE\spring-security-core-5.0.3.RELEASE.jar;D:\study\apache-maven-3.5.0\repository\org\springframework\security\spring-security-web\5.0.3.RELEASE\spring-security-web-5.0.3.RELEASE.jar;D:\study\apache-maven-3.5.0\repository\io\netty\netty-all\4.1.22.Final\netty-all-4.1.22.Final.jar;D:\study\apache-maven-3.5.0\repository\io\minio\minio\7.0.1\minio-7.0.1.jar;D:\study\apache-maven-3.5.0\repository\org\simpleframework\simple-xml\2.7.1\simple-xml-2.7.1.jar;D:\study\apache-maven-3.5.0\repository\stax\stax-api\1.0.1\stax-api-1.0.1.jar;D:\study\apache-maven-3.5.0\repository\stax\stax\1.2.0\stax-1.2.0.jar;D:\study\apache-maven-3.5.0\repository\xpp3\xpp3\1.1.3.3\xpp3-1.1.3.3.jar;D:\study\apache-maven-3.5.0\repository\com\google\guava\guava\25.1-jre\guava-25.1-jre.jar;D:\study\apache-maven-3.5.0\repository\org\checkerframework\checker-qual\2.0.0\checker-qual-2.0.0.jar;D:\study\apache-maven-3.5.0\repository\com\google\errorprone\error_prone_annotations\2.1.3\error_prone_annotations-2.1.3.jar;D:\study\apache-maven-3.5.0\repository\com\google\j2objc\j2objc-annotations\1.1\j2objc-annotations-1.1.jar;D:\study\apache-maven-3.5.0\repository\org\codehaus\mojo\animal-sniffer-annotations\1.14\animal-sniffer-annotations-1.14.jar;D:\study\apache-maven-3.5.0\repository\com\squareup\okhttp3\okhttp\3.13.1\okhttp-3.13.1.jar;D:\study\apache-maven-3.5.0\repository\com\squareup\okio\okio\1.17.2\okio-1.17.2.jar;D:\study\apache-maven-3.5.0\repository\com\fasterxml\jackson\core\jackson-annotations\2.9.0\jackson-annotations-2.9.0.jar;D:\study\apache-maven-3.5.0\repository\com\fasterxml\jackson\core\jackson-core\2.9.4\jackson-core-2.9.4.jar;D:\study\apache-maven-3.5.0\repository\com\fasterxml\jackson\core\jackson-databind\2.9.4\jackson-databind-2.9.4.jar;D:\study\apache-maven-3.5.0\repository\com\github\spotbugs\spotbugs-annotations\4.0.0\spotbugs-annotations-4.0.0.jar;D:\study\apache-maven-3.5.0\repository\net\jcip\jcip-annotations\1.0\jcip-annotations-1.0.jar;D:\study\apache-maven-3.5.0\repository\com\google\code\findbugs\jsr305\3.0.2\jsr305-3.0.2.jar;D:\study\apache-maven-3.5.0\repository\log4j\log4j\1.2.17\log4j-1.2.17.jar;D:\study\apache-maven-3.5.0\repository\org\apache\commons\commons-lang3\3.9\commons-lang3-3.9.jar;D:\study\apache-maven-3.5.0\repository\org\projectlombok\lombok\1.18.10\lombok-1.18.10.jar;D:\study\apache-maven-3.5.0\repository\com\alibaba\fastjson\1.2.62\fastjson-1.2.62.jar;D:\study\apache-maven-3.5.0\repository\net\jodah\expiringmap\0.5.9\expiringmap-0.5.9.jar;D:\study\apache-maven-3.5.0\repository\javax\mail\mail\1.4.7\mail-1.4.7.jar;D:\study\apache-maven-3.5.0\repository\javax\activation\activation\1.1\activation-1.1.jar;D:\study\apache-maven-3.5.0\repository\commons-validator\commons-validator\1.6\commons-validator-1.6.jar;D:\study\apache-maven-3.5.0\repository\commons-beanutils\commons-beanutils\1.9.2\commons-beanutils-1.9.2.jar;D:\study\apache-maven-3.5.0\repository\commons-digester\commons-digester\1.8.1\commons-digester-1.8.1.jar;D:\study\apache-maven-3.5.0\repository\commons-logging\commons-logging\1.2\commons-logging-1.2.jar;D:\study\apache-maven-3.5.0\repository\commons-collections\commons-collections\3.2.2\commons-collections-3.2.2.jar;"/>
    <property name="java.vm.vendor" value="Oracle Corporation"/>
    <property name="sun.arch.data.model" value="64"/>
    <property name="user.variant" value=""/>
    <property name="java.vendor.url" value="http://java.oracle.com/"/>
    <property name="user.timezone" value=""/>
    <property name="java.vm.specification.version" value="1.8"/>
    <property name="os.name" value="Windows 10"/>
    <property name="user.country" value="CN"/>
    <property name="sun.java.launcher" value="SUN_STANDARD"/>
    <property name="sun.boot.library.path" value="C:\Program Files\Java\jdk1.8.0_181\jre\bin"/>
    <property name="sun.java.command" value="C:\Users\99450\AppData\Local\Temp\surefire2615148169335790769\surefirebooter6763595755788817626.jar C:\Users\99450\AppData\Local\Temp\surefire2615148169335790769 2020-06-17T12-15-04_100-jvmRun1 surefire1061644997861957922tmp surefire_01237629972123243901tmp"/>
    <property name="surefire.test.class.path" value="C:\Users\99450\iCloudDrive\Documents\eclipse\AllINOne\target\test-classes;C:\Users\99450\iCloudDrive\Documents\eclipse\AllINOne\target\classes;D:\study\apache-maven-3.5.0\repository\junit\junit\3.8.1\junit-3.8.1.jar;D:\study\apache-maven-3.5.0\repository\org\springframework\boot\spring-boot-starter-web\2.0.0.RELEASE\spring-boot-starter-web-2.0.0.RELEASE.jar;D:\study\apache-maven-3.5.0\repository\org\springframework\boot\spring-boot-starter\2.0.0.RELEASE\spring-boot-starter-2.0.0.RELEASE.jar;D:\study\apache-maven-3.5.0\repository\org\springframework\boot\spring-boot-starter-logging\2.0.0.RELEASE\spring-boot-starter-logging-2.0.0.RELEASE.jar;D:\study\apache-maven-3.5.0\repository\ch\qos\logback\logback-classic\1.2.3\logback-classic-1.2.3.jar;D:\study\apache-maven-3.5.0\repository\ch\qos\logback\logback-core\1.2.3\logback-core-1.2.3.jar;D:\study\apache-maven-3.5.0\repository\org\apache\logging\log4j\log4j-to-slf4j\2.10.0\log4j-to-slf4j-2.10.0.jar;D:\study\apache-maven-3.5.0\repository\org\apache\logging\log4j\log4j-api\2.10.0\log4j-api-2.10.0.jar;D:\study\apache-maven-3.5.0\repository\org\slf4j\jul-to-slf4j\1.7.25\jul-to-slf4j-1.7.25.jar;D:\study\apache-maven-3.5.0\repository\javax\annotation\javax.annotation-api\1.3.2\javax.annotation-api-1.3.2.jar;D:\study\apache-maven-3.5.0\repository\org\springframework\spring-core\5.0.4.RELEASE\spring-core-5.0.4.RELEASE.jar;D:\study\apache-maven-3.5.0\repository\org\springframework\spring-jcl\5.0.4.RELEASE\spring-jcl-5.0.4.RELEASE.jar;D:\study\apache-maven-3.5.0\repository\org\yaml\snakeyaml\1.19\snakeyaml-1.19.jar;D:\study\apache-maven-3.5.0\repository\org\springframework\boot\spring-boot-starter-json\2.0.0.RELEASE\spring-boot-starter-json-2.0.0.RELEASE.jar;D:\study\apache-maven-3.5.0\repository\com\fasterxml\jackson\datatype\jackson-datatype-jdk8\2.9.4\jackson-datatype-jdk8-2.9.4.jar;D:\study\apache-maven-3.5.0\repository\com\fasterxml\jackson\datatype\jackson-datatype-jsr310\2.9.4\jackson-datatype-jsr310-2.9.4.jar;D:\study\apache-maven-3.5.0\repository\com\fasterxml\jackson\module\jackson-module-parameter-names\2.9.4\jackson-module-parameter-names-2.9.4.jar;D:\study\apache-maven-3.5.0\repository\org\springframework\boot\spring-boot-starter-tomcat\2.0.0.RELEASE\spring-boot-starter-tomcat-2.0.0.RELEASE.jar;D:\study\apache-maven-3.5.0\repository\org\apache\tomcat\embed\tomcat-embed-core\8.5.28\tomcat-embed-core-8.5.28.jar;D:\study\apache-maven-3.5.0\repository\org\apache\tomcat\embed\tomcat-embed-el\8.5.28\tomcat-embed-el-8.5.28.jar;D:\study\apache-maven-3.5.0\repository\org\apache\tomcat\embed\tomcat-embed-websocket\8.5.28\tomcat-embed-websocket-8.5.28.jar;D:\study\apache-maven-3.5.0\repository\org\hibernate\validator\hibernate-validator\6.0.7.Final\hibernate-validator-6.0.7.Final.jar;D:\study\apache-maven-3.5.0\repository\javax\validation\validation-api\2.0.1.Final\validation-api-2.0.1.Final.jar;D:\study\apache-maven-3.5.0\repository\org\jboss\logging\jboss-logging\3.3.2.Final\jboss-logging-3.3.2.Final.jar;D:\study\apache-maven-3.5.0\repository\com\fasterxml\classmate\1.3.4\classmate-1.3.4.jar;D:\study\apache-maven-3.5.0\repository\org\springframework\spring-web\5.0.4.RELEASE\spring-web-5.0.4.RELEASE.jar;D:\study\apache-maven-3.5.0\repository\org\springframework\spring-beans\5.0.4.RELEASE\spring-beans-5.0.4.RELEASE.jar;D:\study\apache-maven-3.5.0\repository\org\springframework\spring-webmvc\5.0.4.RELEASE\spring-webmvc-5.0.4.RELEASE.jar;D:\study\apache-maven-3.5.0\repository\org\springframework\spring-context\5.0.4.RELEASE\spring-context-5.0.4.RELEASE.jar;D:\study\apache-maven-3.5.0\repository\org\springframework\spring-expression\5.0.4.RELEASE\spring-expression-5.0.4.RELEASE.jar;D:\study\apache-maven-3.5.0\repository\org\springframework\boot\spring-boot-devtools\2.0.0.RELEASE\spring-boot-devtools-2.0.0.RELEASE.jar;D:\study\apache-maven-3.5.0\repository\org\springframework\boot\spring-boot\2.0.0.RELEASE\spring-boot-2.0.0.RELEASE.jar;D:\study\apache-maven-3.5.0\repository\org\springframework\boot\spring-boot-autoconfigure\2.0.0.RELEASE\spring-boot-autoconfigure-2.0.0.RELEASE.jar;D:\study\apache-maven-3.5.0\repository\org\mongodb\mongo-java-driver\3.6.3\mongo-java-driver-3.6.3.jar;D:\study\apache-maven-3.5.0\repository\commons-fileupload\commons-fileupload\1.4\commons-fileupload-1.4.jar;D:\study\apache-maven-3.5.0\repository\commons-io\commons-io\2.2\commons-io-2.2.jar;D:\study\apache-maven-3.5.0\repository\org\springframework\boot\spring-boot-starter-data-mongodb\2.0.0.RELEASE\spring-boot-starter-data-mongodb-2.0.0.RELEASE.jar;D:\study\apache-maven-3.5.0\repository\org\mongodb\mongodb-driver\3.6.3\mongodb-driver-3.6.3.jar;D:\study\apache-maven-3.5.0\repository\org\mongodb\bson\3.6.3\bson-3.6.3.jar;D:\study\apache-maven-3.5.0\repository\org\mongodb\mongodb-driver-core\3.6.3\mongodb-driver-core-3.6.3.jar;D:\study\apache-maven-3.5.0\repository\org\springframework\data\spring-data-mongodb\2.0.5.RELEASE\spring-data-mongodb-2.0.5.RELEASE.jar;D:\study\apache-maven-3.5.0\repository\org\springframework\spring-tx\5.0.4.RELEASE\spring-tx-5.0.4.RELEASE.jar;D:\study\apache-maven-3.5.0\repository\org\springframework\data\spring-data-commons\2.0.5.RELEASE\spring-data-commons-2.0.5.RELEASE.jar;D:\study\apache-maven-3.5.0\repository\org\slf4j\slf4j-api\1.7.25\slf4j-api-1.7.25.jar;D:\study\apache-maven-3.5.0\repository\org\springframework\boot\spring-boot-starter-aop\2.0.0.RELEASE\spring-boot-starter-aop-2.0.0.RELEASE.jar;D:\study\apache-maven-3.5.0\repository\org\springframework\spring-aop\5.0.4.RELEASE\spring-aop-5.0.4.RELEASE.jar;D:\study\apache-maven-3.5.0\repository\org\aspectj\aspectjweaver\1.8.13\aspectjweaver-1.8.13.jar;D:\study\apache-maven-3.5.0\repository\org\springframework\boot\spring-boot-starter-security\2.0.0.RELEASE\spring-boot-starter-security-2.0.0.RELEASE.jar;D:\study\apache-maven-3.5.0\repository\org\springframework\security\spring-security-config\5.0.3.RELEASE\spring-security-config-5.0.3.RELEASE.jar;D:\study\apache-maven-3.5.0\repository\org\springframework\security\spring-security-core\5.0.3.RELEASE\spring-security-core-5.0.3.RELEASE.jar;D:\study\apache-maven-3.5.0\repository\org\springframework\security\spring-security-web\5.0.3.RELEASE\spring-security-web-5.0.3.RELEASE.jar;D:\study\apache-maven-3.5.0\repository\io\netty\netty-all\4.1.22.Final\netty-all-4.1.22.Final.jar;D:\study\apache-maven-3.5.0\repository\io\minio\minio\7.0.1\minio-7.0.1.jar;D:\study\apache-maven-3.5.0\repository\org\simpleframework\simple-xml\2.7.1\simple-xml-2.7.1.jar;D:\study\apache-maven-3.5.0\repository\stax\stax-api\1.0.1\stax-api-1.0.1.jar;D:\study\apache-maven-3.5.0\repository\stax\stax\1.2.0\stax-1.2.0.jar;D:\study\apache-maven-3.5.0\repository\xpp3\xpp3\1.1.3.3\xpp3-1.1.3.3.jar;D:\study\apache-maven-3.5.0\repository\com\google\guava\guava\25.1-jre\guava-25.1-jre.jar;D:\study\apache-maven-3.5.0\repository\org\checkerframework\checker-qual\2.0.0\checker-qual-2.0.0.jar;D:\study\apache-maven-3.5.0\repository\com\google\errorprone\error_prone_annotations\2.1.3\error_prone_annotations-2.1.3.jar;D:\study\apache-maven-3.5.0\repository\com\google\j2objc\j2objc-annotations\1.1\j2objc-annotations-1.1.jar;D:\study\apache-maven-3.5.0\repository\org\codehaus\mojo\animal-sniffer-annotations\1.14\animal-sniffer-annotations-1.14.jar;D:\study\apache-maven-3.5.0\repository\com\squareup\okhttp3\okhttp\3.13.1\okhttp-3.13.1.jar;D:\study\apache-maven-3.5.0\repository\com\squareup\okio\okio\1.17.2\okio-1.17.2.jar;D:\study\apache-maven-3.5.0\repository\com\fasterxml\jackson\core\jackson-annotations\2.9.0\jackson-annotations-2.9.0.jar;D:\study\apache-maven-3.5.0\repository\com\fasterxml\jackson\core\jackson-core\2.9.4\jackson-core-2.9.4.jar;D:\study\apache-maven-3.5.0\repository\com\fasterxml\jackson\core\jackson-databind\2.9.4\jackson-databind-2.9.4.jar;D:\study\apache-maven-3.5.0\repository\com\github\spotbugs\spotbugs-annotations\4.0.0\spotbugs-annotations-4.0.0.jar;D:\study\apache-maven-3.5.0\repository\net\jcip\jcip-annotations\1.0\jcip-annotations-1.0.jar;D:\study\apache-maven-3.5.0\repository\com\google\code\findbugs\jsr305\3.0.2\jsr305-3.0.2.jar;D:\study\apache-maven-3.5.0\repository\log4j\log4j\1.2.17\log4j-1.2.17.jar;D:\study\apache-maven-3.5.0\repository\org\apache\commons\commons-lang3\3.9\commons-lang3-3.9.jar;D:\study\apache-maven-3.5.0\repository\org\projectlombok\lombok\1.18.10\lombok-1.18.10.jar;D:\study\apache-maven-3.5.0\repository\com\alibaba\fastjson\1.2.62\fastjson-1.2.62.jar;D:\study\apache-maven-3.5.0\repository\net\jodah\expiringmap\0.5.9\expiringmap-0.5.9.jar;D:\study\apache-maven-3.5.0\repository\javax\mail\mail\1.4.7\mail-1.4.7.jar;D:\study\apache-maven-3.5.0\repository\javax\activation\activation\1.1\activation-1.1.jar;D:\study\apache-maven-3.5.0\repository\commons-validator\commons-validator\1.6\commons-validator-1.6.jar;D:\study\apache-maven-3.5.0\repository\commons-beanutils\commons-beanutils\1.9.2\commons-beanutils-1.9.2.jar;D:\study\apache-maven-3.5.0\repository\commons-digester\commons-digester\1.8.1\commons-digester-1.8.1.jar;D:\study\apache-maven-3.5.0\repository\commons-logging\commons-logging\1.2\commons-logging-1.2.jar;D:\study\apache-maven-3.5.0\repository\commons-collections\commons-collections\3.2.2\commons-collections-3.2.2.jar;"/>
    <property name="sun.cpu.endian" value="little"/>
    <property name="user.home" value="C:\Users\99450"/>
    <property name="user.language" value="zh"/>
    <property name="java.specification.vendor" value="Oracle Corporation"/>
    <property name="java.home" value="C:\Program Files\Java\jdk1.8.0_181\jre"/>
    <property name="basedir" value="C:\Users\99450\iCloudDrive\Documents\eclipse\AllINOne"/>
    <property name="file.separator" value="\"/>
    <property name="line.separator" value="&#10;"/>
    <property name="java.vm.specification.vendor" value="Oracle Corporation"/>
    <property name="java.specification.name" value="Java Platform API Specification"/>
    <property name="java.awt.graphicsenv" value="sun.awt.Win32GraphicsEnvironment"/>
    <property name="surefire.real.class.path" value="C:\Users\99450\AppData\Local\Temp\surefire2615148169335790769\surefirebooter6763595755788817626.jar"/>
    <property name="sun.boot.class.path" value="C:\Program Files\Java\jdk1.8.0_181\jre\lib\resources.jar;C:\Program Files\Java\jdk1.8.0_181\jre\lib\rt.jar;C:\Program Files\Java\jdk1.8.0_181\jre\lib\sunrsasign.jar;C:\Program Files\Java\jdk1.8.0_181\jre\lib\jsse.jar;C:\Program Files\Java\jdk1.8.0_181\jre\lib\jce.jar;C:\Program Files\Java\jdk1.8.0_181\jre\lib\charsets.jar;C:\Program Files\Java\jdk1.8.0_181\jre\lib\jfr.jar;C:\Program Files\Java\jdk1.8.0_181\jre\classes"/>
    <property name="user.script" value=""/>
    <property name="sun.management.compiler" value="HotSpot 64-Bit Tiered Compilers"/>
    <property name="java.runtime.version" value="1.8.0_181-b13"/>
    <property name="user.name" value="99450"/>
    <property name="path.separator" value=";"/>
    <property name="os.version" value="10.0"/>
    <property name="java.endorsed.dirs" value="C:\Program Files\Java\jdk1.8.0_181\jre\lib\endorsed"/>
    <property name="java.runtime.name" value="Java(TM) SE Runtime Environment"/>
    <property name="file.encoding" value="GBK"/>
    <property name="java.vm.name" value="Java HotSpot(TM) 64-Bit Server VM"/>
    <property name="localRepository" value="D:\study\apache-maven-3.5.0\repository"/>
    <property name="java.vendor.url.bug" value="http://bugreport.sun.com/bugreport/"/>
    <property name="java.io.tmpdir" value="C:\Users\99450\AppData\Local\Temp\"/>
    <property name="java.version" value="1.8.0_181"/>
    <property name="user.dir" value="C:\Users\99450\iCloudDrive\Documents\eclipse\AllINOne"/>
    <property name="os.arch" value="amd64"/>
    <property name="java.vm.specification.name" value="Java Virtual Machine Specification"/>
    <property name="java.awt.printerjob" value="sun.awt.windows.WPrinterJob"/>
    <property name="sun.os.patch.level" value=""/>
    <property name="java.library.path" value="C:\Program Files\Java\jdk1.8.0_181\jre\bin;C:\Windows\Sun\Java\bin;C:\Windows\system32;C:\Windows;C:\Program Files (x86)\Common Files\Oracle\Java\javapath;C:\Windows\system32;C:\Windows;C:\Windows\System32\Wbem;C:\Windows\System32\WindowsPowerShell\v1.0\;C:\Windows\System32\OpenSSH\;C:\Program Files\Java\jdk1.8.0_181\bin;.;C:\Program Files\Java\jdk1.8.0_181\lib;C:\Program Files\Java\jdk1.8.0_181\lib\tool.jar;C:\Users\99450\AppData\Local\Microsoft\WindowsApps;;D:\Microsoft VS Code\bin;."/>
    <property name="java.vm.info" value="mixed mode"/>
    <property name="java.vendor" value="Oracle Corporation"/>
    <property name="java.vm.version" value="25.181-b13"/>
    <property name="java.ext.dirs" value="C:\Program Files\Java\jdk1.8.0_181\jre\lib\ext;C:\Windows\Sun\Java\lib\ext"/>
    <property name="sun.io.unicode.encoding" value="UnicodeLittle"/>
    <property name="java.class.version" value="52.0"/>
  </properties>
  <testcase name="testApp" classname="ink.mastermind.AllINOne.AppTest" time="0.001"/>
</testsuite>